<?xml version="1.0" encoding="UTF-8"?>
<!-- Generated by org.testng.reporters.JUnitXMLReporter -->
<testsuite hostname="LAPTOP-3FSGIJEU" ignored="0" name="Test" tests="6" failures="0" timestamp="2022-10-20T14:53:52 IST" time="39.32" errors="0">
  <testcase name="ChromeBrowser" time="2.525" classname="com.example.AadharAdminTest"/>
  <testcase name="TestHome" time="14.448" classname="com.example.AadharAdminTest"/>
  <testcase name="ChromeBrowser" time="1.471" classname="com.example.AadharUserTest"/>
  <testcase name="UserCheck" time="11.273" classname="com.example.AadharUserTest"/>
  <testcase name="ChromeBrowser" time="1.44" classname="com.example.AadharRegisterTest"/>
  <testcase name="TestRegister" time="8.106" classname="com.example.AadharRegisterTest"/>
</testsuite> <!-- Test -->
